<?xml version="1.0" encoding="UTF-8"?>
<!-- Generated by org.testng.reporters.JUnitXMLReporter -->
<testsuite ignored="1" hostname="Lalit-Tech" failures="0" tests="1" name="Default test" time="59.61" errors="0" timestamp="2025-01-20T18:02:16 IST">
  <testcase classname="com.eatsure.tests.addProductTest" name="verifyAddingTheProductToTheCartFromPlp" time="53.987"/>
  <testcase classname="com.eatsure.tests.addProductTest" name="verifyNavigetingToBrandPage" time="0.0">
    <ignored/>
  </testcase> <!-- verifyNavigetingToBrandPage -->
</testsuite> <!-- Default test -->
